<?xml version="1.0" encoding="UTF-8"?>
<!-- Generated by org.testng.reporters.JUnitXMLReporter -->
<testsuite hostname="Sarang-Notebook" ignored="10" name="Default test" tests="1" failures="0" timestamp="12 May 2020 16:47:38 GMT" time="17.872" errors="0">
  <testcase name="verifyFirstCryLogoOnHeader_test" time="0.094" classname="com.qa.frisrcryae.tests.LandingPageTest"/>
  <testcase name="verifyFirstCryParentingLinkOnHeader_test" time="0.0" classname="com.qa.frisrcryae.tests.LandingPageTest">
    <ignored/>
  </testcase> <!-- verifyFirstCryParentingLinkOnHeader_test -->
  <testcase name="loginToApp_test" time="0.0" classname="com.qa.frisrcryae.tests.LandingPageTest">
    <ignored/>
  </testcase> <!-- loginToApp_test -->
  <testcase name="verifySearchBoxIsAvailable_test" time="0.0" classname="com.qa.frisrcryae.tests.LandingPageTest">
    <ignored/>
  </testcase> <!-- verifySearchBoxIsAvailable_test -->
  <testcase name="verifySignUpLink_test" time="0.0" classname="com.qa.frisrcryae.tests.LandingPageTest">
    <ignored/>
  </testcase> <!-- verifySignUpLink_test -->
  <testcase name="verifyRegisterLinkOnHeader_test" time="0.0" classname="com.qa.frisrcryae.tests.LandingPageTest">
    <ignored/>
  </testcase> <!-- verifyRegisterLinkOnHeader_test -->
  <testcase name="verifyShortListLinkOnHeader_test" time="0.0" classname="com.qa.frisrcryae.tests.LandingPageTest">
    <ignored/>
  </testcase> <!-- verifyShortListLinkOnHeader_test -->
  <testcase name="verifyPlaceHolder_test" time="0.0" classname="com.qa.frisrcryae.tests.LandingPageTest">
    <ignored/>
  </testcase> <!-- verifyPlaceHolder_test -->
  <testcase name="verifyTrackOrderLinkOnHeader_test" time="0.0" classname="com.qa.frisrcryae.tests.LandingPageTest">
    <ignored/>
  </testcase> <!-- verifyTrackOrderLinkOnHeader_test -->
  <testcase name="verifySearchBoxWorking_test" time="0.0" classname="com.qa.frisrcryae.tests.LandingPageTest">
    <ignored/>
  </testcase> <!-- verifySearchBoxWorking_test -->
  <testcase name="verifyContactUsLinkOnHeader_test" time="0.0" classname="com.qa.frisrcryae.tests.LandingPageTest">
    <ignored/>
  </testcase> <!-- verifyContactUsLinkOnHeader_test -->
</testsuite> <!-- Default test -->
