<?xml version="1.0" encoding="UTF-8"?>
<!-- Generated by org.testng.reporters.JUnitXMLReporter -->
<testsuite hostname="Sarang-Notebook" ignored="0" name="Test" tests="11" failures="3" timestamp="15 May 2020 19:21:40 GMT" time="135.413" errors="0">
  <testcase name="loginToApp_test" time="0.118" classname="com.qa.frisrcryae.tests.LandingPageTest">
    <failure type="java.lang.NullPointerException" message="null value in entry: id=null">
      <![CDATA[java.lang.NullPointerException: null value in entry: id=null
at com.google.common.collect.CollectPreconditions.checkEntryNotNull(CollectPreconditions.java:32)
at com.google.common.collect.SingletonImmutableBiMap.<init>(SingletonImmutableBiMap.java:42)
at com.google.common.collect.ImmutableBiMap.of(ImmutableBiMap.java:72)
at com.google.common.collect.ImmutableMap.of(ImmutableMap.java:124)
at org.openqa.selenium.remote.RemoteWebDriver$RemoteTargetLocator.frame(RemoteWebDriver.java:892)
at com.qa.frisrcryae.pages.LandingPage.loginToApp(LandingPage.java:100)
at com.qa.frisrcryae.tests.LandingPageTest.loginToApp_test(LandingPageTest.java:54)
... Removed 25 stack frames]]>
    </failure>
  </testcase> <!-- loginToApp_test -->
  <testcase name="verifyContactUsLinkOnHeader_test" time="2.802" classname="com.qa.frisrcryae.tests.LandingPageTest"/>
  <testcase name="verifyFirstCryLogoOnHeader_test" time="0.147" classname="com.qa.frisrcryae.tests.LandingPageTest"/>
  <testcase name="verifyFirstCryParentingLinkOnHeader_test" time="7.201" classname="com.qa.frisrcryae.tests.LandingPageTest"/>
  <testcase name="verifyPlaceHolder_test" time="0.563" classname="com.qa.frisrcryae.tests.LandingPageTest"/>
  <testcase name="verifyRegisterLinkOnHeader_test" time="0.259" classname="com.qa.frisrcryae.tests.LandingPageTest">
    <failure type="java.lang.NullPointerException" message="null value in entry: id=null">
      <![CDATA[java.lang.NullPointerException: null value in entry: id=null
at com.google.common.collect.CollectPreconditions.checkEntryNotNull(CollectPreconditions.java:32)
at com.google.common.collect.SingletonImmutableBiMap.<init>(SingletonImmutableBiMap.java:42)
at com.google.common.collect.ImmutableBiMap.of(ImmutableBiMap.java:72)
at com.google.common.collect.ImmutableMap.of(ImmutableMap.java:124)
at org.openqa.selenium.remote.RemoteWebDriver$RemoteTargetLocator.frame(RemoteWebDriver.java:892)
at com.qa.frisrcryae.pages.LandingPage.verifyRegisterLinkOnHeader(LandingPage.java:158)
at com.qa.frisrcryae.tests.LandingPageTest.verifyRegisterLinkOnHeader_test(LandingPageTest.java:79)
... Removed 25 stack frames]]>
    </failure>
  </testcase> <!-- verifyRegisterLinkOnHeader_test -->
  <testcase name="verifySearchBoxIsAvailable_test" time="0.071" classname="com.qa.frisrcryae.tests.LandingPageTest"/>
  <testcase name="verifySearchBoxWorking_test" time="0.146" classname="com.qa.frisrcryae.tests.LandingPageTest">
    <failure type="java.lang.NullPointerException">
      <![CDATA[java.lang.NullPointerException
at org.openqa.selenium.support.ui.ExpectedConditions.elementIfVisible(ExpectedConditions.java:314)
at org.openqa.selenium.support.ui.ExpectedConditions.access$000(ExpectedConditions.java:43)
at org.openqa.selenium.support.ui.ExpectedConditions$10.apply(ExpectedConditions.java:300)
at org.openqa.selenium.support.ui.ExpectedConditions$10.apply(ExpectedConditions.java:297)
at org.openqa.selenium.support.ui.FluentWait.until(FluentWait.java:249)
at com.qa.frisrcryae.utills.ElementActions.waitForElementVisible(ElementActions.java:96)
at com.qa.frisrcryae.pages.LandingPage.verifySearchBoxWorking(LandingPage.java:68)
at com.qa.frisrcryae.tests.LandingPageTest.verifySearchBoxWorking_test(LandingPageTest.java:43)
... Removed 25 stack frames]]>
    </failure>
  </testcase> <!-- verifySearchBoxWorking_test -->
  <testcase name="verifyShortListLinkOnHeader_test" time="3.124" classname="com.qa.frisrcryae.tests.LandingPageTest"/>
  <testcase name="verifySignUpLink_test" time="0.035" classname="com.qa.frisrcryae.tests.LandingPageTest"/>
  <testcase name="verifyTrackOrderLinkOnHeader_test" time="3.05" classname="com.qa.frisrcryae.tests.LandingPageTest"/>
</testsuite> <!-- Test -->
