<?xml version="1.0" encoding="UTF-8"?>
<!-- Generated by org.testng.reporters.JUnitXMLReporter -->
<testsuite hostname="Sarang-Notebook" ignored="16" name="Test" tests="1" failures="1" timestamp="18 May 2020 10:46:11 GMT" time="62.838" errors="0">
  <testcase name="verifyLandingPageTitle_test" time="0.026" classname="com.qa.frisrcryae.tests.LandingPageTest">
    <failure type="java.lang.NullPointerException">
      <![CDATA[java.lang.NullPointerException
at com.qa.frisrcryae.tests.LandingPageTest.verifyLandingPageTitle_test(LandingPageTest.java:37)
... Removed 25 stack frames]]>
    </failure>
  </testcase> <!-- verifyLandingPageTitle_test -->
  <testcase name="verifyFirstCryParentingLinkOnHeader_test" time="0.0" classname="com.qa.frisrcryae.tests.LandingPageTest">
    <ignored/>
  </testcase> <!-- verifyFirstCryParentingLinkOnHeader_test -->
  <testcase name="verifyKids_Books_And_CDsLink_test" time="0.0" classname="com.qa.frisrcryae.tests.LandingPageTest">
    <ignored/>
  </testcase> <!-- verifyKids_Books_And_CDsLink_test -->
  <testcase name="loginToApp_test" time="0.0" classname="com.qa.frisrcryae.tests.LandingPageTest">
    <ignored/>
  </testcase> <!-- loginToApp_test -->
  <testcase name="verifyShortListLinkOnHeader_test" time="0.0" classname="com.qa.frisrcryae.tests.LandingPageTest">
    <ignored/>
  </testcase> <!-- verifyShortListLinkOnHeader_test -->
  <testcase name="verifyBaby_And_Kids_ToysLink_test" time="0.0" classname="com.qa.frisrcryae.tests.LandingPageTest">
    <ignored/>
  </testcase> <!-- verifyBaby_And_Kids_ToysLink_test -->
  <testcase name="verifyBaby_DiaperingLink_test" time="0.0" classname="com.qa.frisrcryae.tests.LandingPageTest">
    <ignored/>
  </testcase> <!-- verifyBaby_DiaperingLink_test -->
  <testcase name="verifyGirls_ClothesLink_test" time="0.0" classname="com.qa.frisrcryae.tests.LandingPageTest">
    <ignored/>
  </testcase> <!-- verifyGirls_ClothesLink_test -->
  <testcase name="verifyTrackOrderLinkOnHeader_test" time="0.0" classname="com.qa.frisrcryae.tests.LandingPageTest">
    <ignored/>
  </testcase> <!-- verifyTrackOrderLinkOnHeader_test -->
  <testcase name="verifyBoys_ClothesLink_test" time="0.0" classname="com.qa.frisrcryae.tests.LandingPageTest">
    <ignored/>
  </testcase> <!-- verifyBoys_ClothesLink_test -->
  <testcase name="verifySearchBoxWorking_test" time="0.0" classname="com.qa.frisrcryae.tests.LandingPageTest">
    <ignored/>
  </testcase> <!-- verifySearchBoxWorking_test -->
  <testcase name="verifyContactUsLinkOnHeader_test" time="0.0" classname="com.qa.frisrcryae.tests.LandingPageTest">
    <ignored/>
  </testcase> <!-- verifyContactUsLinkOnHeader_test -->
  <testcase name="verifyFirstCryLogoOnHeader_test" time="0.0" classname="com.qa.frisrcryae.tests.LandingPageTest">
    <ignored/>
  </testcase> <!-- verifyFirstCryLogoOnHeader_test -->
  <testcase name="verifySearchBoxIsAvailable_test" time="0.0" classname="com.qa.frisrcryae.tests.LandingPageTest">
    <ignored/>
  </testcase> <!-- verifySearchBoxIsAvailable_test -->
  <testcase name="verifyRegisterLinkOnHeader_test" time="0.0" classname="com.qa.frisrcryae.tests.LandingPageTest">
    <ignored/>
  </testcase> <!-- verifyRegisterLinkOnHeader_test -->
  <testcase name="verifyPlaceHolder_test" time="0.0" classname="com.qa.frisrcryae.tests.LandingPageTest">
    <ignored/>
  </testcase> <!-- verifyPlaceHolder_test -->
  <testcase name="verifyBaby_And_Kids_FootwearLink_test" time="0.0" classname="com.qa.frisrcryae.tests.LandingPageTest">
    <ignored/>
  </testcase> <!-- verifyBaby_And_Kids_FootwearLink_test -->
</testsuite> <!-- Test -->
