<?xml version="1.0" encoding="UTF-8"?>
<testng-results skipped="0" failed="3" ignored="0" total="11" passed="8">
  <reporter-output>
  </reporter-output>
  <suite name="Suite" duration-ms="135413" started-at="2020-05-15T19:19:25Z" finished-at="2020-05-15T19:21:40Z">
    <groups>
    </groups>
    <test name="Test" duration-ms="135413" started-at="2020-05-15T19:19:25Z" finished-at="2020-05-15T19:21:40Z">
      <class name="com.qa.frisrcryae.tests.LandingPageTest">
        <test-method status="PASS" signature="setup()[pri:0, instance:com.qa.frisrcryae.tests.LandingPageTest@2667f029]" name="setup" is-config="true" duration-ms="9426" started-at="2020-05-15T19:19:25Z" finished-at="2020-05-15T19:19:34Z">
          <reporter-output>
          </reporter-output>
        </test-method> <!-- setup -->
        <test-method status="FAIL" signature="loginToApp_test()[pri:0, instance:com.qa.frisrcryae.tests.LandingPageTest@2667f029]" name="loginToApp_test" duration-ms="118" started-at="2020-05-15T19:19:34Z" finished-at="2020-05-15T19:19:34Z">
          <exception class="java.lang.NullPointerException">
            <message>
              <![CDATA[null value in entry: id=null]]>
            </message>
            <full-stacktrace>
              <![CDATA[java.lang.NullPointerException: null value in entry: id=null
at com.google.common.collect.CollectPreconditions.checkEntryNotNull(CollectPreconditions.java:32)
at com.google.common.collect.SingletonImmutableBiMap.<init>(SingletonImmutableBiMap.java:42)
at com.google.common.collect.ImmutableBiMap.of(ImmutableBiMap.java:72)
at com.google.common.collect.ImmutableMap.of(ImmutableMap.java:124)
at org.openqa.selenium.remote.RemoteWebDriver$RemoteTargetLocator.frame(RemoteWebDriver.java:892)
at com.qa.frisrcryae.pages.LandingPage.loginToApp(LandingPage.java:100)
at com.qa.frisrcryae.tests.LandingPageTest.loginToApp_test(LandingPageTest.java:54)
at sun.reflect.NativeMethodAccessorImpl.invoke0(Native Method)
at sun.reflect.NativeMethodAccessorImpl.invoke(NativeMethodAccessorImpl.java:62)
at sun.reflect.DelegatingMethodAccessorImpl.invoke(DelegatingMethodAccessorImpl.java:43)
at java.lang.reflect.Method.invoke(Method.java:498)
at org.testng.internal.MethodInvocationHelper.invokeMethod(MethodInvocationHelper.java:124)
at org.testng.internal.Invoker.invokeMethod(Invoker.java:583)
at org.testng.internal.Invoker.invokeTestMethod(Invoker.java:719)
at org.testng.internal.Invoker.invokeTestMethods(Invoker.java:989)
at org.testng.internal.TestMethodWorker.invokeTestMethods(TestMethodWorker.java:125)
at org.testng.internal.TestMethodWorker.run(TestMethodWorker.java:109)
at org.testng.TestRunner.privateRun(TestRunner.java:648)
at org.testng.TestRunner.run(TestRunner.java:505)
at org.testng.SuiteRunner.runTest(SuiteRunner.java:455)
at org.testng.SuiteRunner.runSequentially(SuiteRunner.java:450)
at org.testng.SuiteRunner.privateRun(SuiteRunner.java:415)
at org.testng.SuiteRunner.run(SuiteRunner.java:364)
at org.testng.SuiteRunnerWorker.runSuite(SuiteRunnerWorker.java:52)
at org.testng.SuiteRunnerWorker.run(SuiteRunnerWorker.java:84)
at org.testng.TestNG.runSuitesSequentially(TestNG.java:1208)
at org.testng.TestNG.runSuitesLocally(TestNG.java:1137)
at org.testng.TestNG.runSuites(TestNG.java:1049)
at org.testng.TestNG.run(TestNG.java:1017)
at org.testng.remote.AbstractRemoteTestNG.run(AbstractRemoteTestNG.java:115)
at org.testng.remote.RemoteTestNG.initAndRun(RemoteTestNG.java:251)
at org.testng.remote.RemoteTestNG.main(RemoteTestNG.java:77)
]]>
            </full-stacktrace>
          </exception> <!-- java.lang.NullPointerException -->
          <reporter-output>
          </reporter-output>
        </test-method> <!-- loginToApp_test -->
        <test-method status="PASS" signature="tearDown()[pri:0, instance:com.qa.frisrcryae.tests.LandingPageTest@2667f029]" name="tearDown" is-config="true" duration-ms="621" started-at="2020-05-15T19:19:35Z" finished-at="2020-05-15T19:19:36Z">
          <reporter-output>
          </reporter-output>
        </test-method> <!-- tearDown -->
        <test-method status="PASS" signature="setup()[pri:0, instance:com.qa.frisrcryae.tests.LandingPageTest@2667f029]" name="setup" is-config="true" duration-ms="10637" started-at="2020-05-15T19:19:36Z" finished-at="2020-05-15T19:19:46Z">
          <reporter-output>
          </reporter-output>
        </test-method> <!-- setup -->
        <test-method status="PASS" signature="verifyContactUsLinkOnHeader_test()[pri:0, instance:com.qa.frisrcryae.tests.LandingPageTest@2667f029]" name="verifyContactUsLinkOnHeader_test" duration-ms="2802" started-at="2020-05-15T19:19:46Z" finished-at="2020-05-15T19:19:49Z">
          <reporter-output>
          </reporter-output>
        </test-method> <!-- verifyContactUsLinkOnHeader_test -->
        <test-method status="PASS" signature="tearDown()[pri:0, instance:com.qa.frisrcryae.tests.LandingPageTest@2667f029]" name="tearDown" is-config="true" duration-ms="657" started-at="2020-05-15T19:19:49Z" finished-at="2020-05-15T19:19:50Z">
          <reporter-output>
          </reporter-output>
        </test-method> <!-- tearDown -->
        <test-method status="PASS" signature="setup()[pri:0, instance:com.qa.frisrcryae.tests.LandingPageTest@2667f029]" name="setup" is-config="true" duration-ms="9924" started-at="2020-05-15T19:19:50Z" finished-at="2020-05-15T19:20:00Z">
          <reporter-output>
          </reporter-output>
        </test-method> <!-- setup -->
        <test-method status="PASS" signature="verifyFirstCryLogoOnHeader_test()[pri:0, instance:com.qa.frisrcryae.tests.LandingPageTest@2667f029]" name="verifyFirstCryLogoOnHeader_test" duration-ms="147" started-at="2020-05-15T19:20:00Z" finished-at="2020-05-15T19:20:00Z">
          <reporter-output>
          </reporter-output>
        </test-method> <!-- verifyFirstCryLogoOnHeader_test -->
        <test-method status="PASS" signature="tearDown()[pri:0, instance:com.qa.frisrcryae.tests.LandingPageTest@2667f029]" name="tearDown" is-config="true" duration-ms="746" started-at="2020-05-15T19:20:00Z" finished-at="2020-05-15T19:20:00Z">
          <reporter-output>
          </reporter-output>
        </test-method> <!-- tearDown -->
        <test-method status="PASS" signature="setup()[pri:0, instance:com.qa.frisrcryae.tests.LandingPageTest@2667f029]" name="setup" is-config="true" duration-ms="8829" started-at="2020-05-15T19:20:00Z" finished-at="2020-05-15T19:20:09Z">
          <reporter-output>
          </reporter-output>
        </test-method> <!-- setup -->
        <test-method status="PASS" signature="verifyFirstCryParentingLinkOnHeader_test()[pri:0, instance:com.qa.frisrcryae.tests.LandingPageTest@2667f029]" name="verifyFirstCryParentingLinkOnHeader_test" duration-ms="7201" started-at="2020-05-15T19:20:09Z" finished-at="2020-05-15T19:20:16Z">
          <reporter-output>
          </reporter-output>
        </test-method> <!-- verifyFirstCryParentingLinkOnHeader_test -->
        <test-method status="PASS" signature="tearDown()[pri:0, instance:com.qa.frisrcryae.tests.LandingPageTest@2667f029]" name="tearDown" is-config="true" duration-ms="1260" started-at="2020-05-15T19:20:17Z" finished-at="2020-05-15T19:20:18Z">
          <reporter-output>
          </reporter-output>
        </test-method> <!-- tearDown -->
        <test-method status="PASS" signature="setup()[pri:0, instance:com.qa.frisrcryae.tests.LandingPageTest@2667f029]" name="setup" is-config="true" duration-ms="9895" started-at="2020-05-15T19:20:18Z" finished-at="2020-05-15T19:20:28Z">
          <reporter-output>
          </reporter-output>
        </test-method> <!-- setup -->
        <test-method status="PASS" signature="verifyPlaceHolder_test()[pri:0, instance:com.qa.frisrcryae.tests.LandingPageTest@2667f029]" name="verifyPlaceHolder_test" duration-ms="563" started-at="2020-05-15T19:20:28Z" finished-at="2020-05-15T19:20:28Z">
          <reporter-output>
          </reporter-output>
        </test-method> <!-- verifyPlaceHolder_test -->
        <test-method status="PASS" signature="tearDown()[pri:0, instance:com.qa.frisrcryae.tests.LandingPageTest@2667f029]" name="tearDown" is-config="true" duration-ms="672" started-at="2020-05-15T19:20:28Z" finished-at="2020-05-15T19:20:29Z">
          <reporter-output>
          </reporter-output>
        </test-method> <!-- tearDown -->
        <test-method status="PASS" signature="setup()[pri:0, instance:com.qa.frisrcryae.tests.LandingPageTest@2667f029]" name="setup" is-config="true" duration-ms="9772" started-at="2020-05-15T19:20:29Z" finished-at="2020-05-15T19:20:39Z">
          <reporter-output>
          </reporter-output>
        </test-method> <!-- setup -->
        <test-method status="FAIL" signature="verifyRegisterLinkOnHeader_test()[pri:0, instance:com.qa.frisrcryae.tests.LandingPageTest@2667f029]" name="verifyRegisterLinkOnHeader_test" duration-ms="259" started-at="2020-05-15T19:20:39Z" finished-at="2020-05-15T19:20:39Z">
          <exception class="java.lang.NullPointerException">
            <message>
              <![CDATA[null value in entry: id=null]]>
            </message>
            <full-stacktrace>
              <![CDATA[java.lang.NullPointerException: null value in entry: id=null
at com.google.common.collect.CollectPreconditions.checkEntryNotNull(CollectPreconditions.java:32)
at com.google.common.collect.SingletonImmutableBiMap.<init>(SingletonImmutableBiMap.java:42)
at com.google.common.collect.ImmutableBiMap.of(ImmutableBiMap.java:72)
at com.google.common.collect.ImmutableMap.of(ImmutableMap.java:124)
at org.openqa.selenium.remote.RemoteWebDriver$RemoteTargetLocator.frame(RemoteWebDriver.java:892)
at com.qa.frisrcryae.pages.LandingPage.verifyRegisterLinkOnHeader(LandingPage.java:158)
at com.qa.frisrcryae.tests.LandingPageTest.verifyRegisterLinkOnHeader_test(LandingPageTest.java:79)
at sun.reflect.NativeMethodAccessorImpl.invoke0(Native Method)
at sun.reflect.NativeMethodAccessorImpl.invoke(NativeMethodAccessorImpl.java:62)
at sun.reflect.DelegatingMethodAccessorImpl.invoke(DelegatingMethodAccessorImpl.java:43)
at java.lang.reflect.Method.invoke(Method.java:498)
at org.testng.internal.MethodInvocationHelper.invokeMethod(MethodInvocationHelper.java:124)
at org.testng.internal.Invoker.invokeMethod(Invoker.java:583)
at org.testng.internal.Invoker.invokeTestMethod(Invoker.java:719)
at org.testng.internal.Invoker.invokeTestMethods(Invoker.java:989)
at org.testng.internal.TestMethodWorker.invokeTestMethods(TestMethodWorker.java:125)
at org.testng.internal.TestMethodWorker.run(TestMethodWorker.java:109)
at org.testng.TestRunner.privateRun(TestRunner.java:648)
at org.testng.TestRunner.run(TestRunner.java:505)
at org.testng.SuiteRunner.runTest(SuiteRunner.java:455)
at org.testng.SuiteRunner.runSequentially(SuiteRunner.java:450)
at org.testng.SuiteRunner.privateRun(SuiteRunner.java:415)
at org.testng.SuiteRunner.run(SuiteRunner.java:364)
at org.testng.SuiteRunnerWorker.runSuite(SuiteRunnerWorker.java:52)
at org.testng.SuiteRunnerWorker.run(SuiteRunnerWorker.java:84)
at org.testng.TestNG.runSuitesSequentially(TestNG.java:1208)
at org.testng.TestNG.runSuitesLocally(TestNG.java:1137)
at org.testng.TestNG.runSuites(TestNG.java:1049)
at org.testng.TestNG.run(TestNG.java:1017)
at org.testng.remote.AbstractRemoteTestNG.run(AbstractRemoteTestNG.java:115)
at org.testng.remote.RemoteTestNG.initAndRun(RemoteTestNG.java:251)
at org.testng.remote.RemoteTestNG.main(RemoteTestNG.java:77)
]]>
            </full-stacktrace>
          </exception> <!-- java.lang.NullPointerException -->
          <reporter-output>
          </reporter-output>
        </test-method> <!-- verifyRegisterLinkOnHeader_test -->
        <test-method status="PASS" signature="tearDown()[pri:0, instance:com.qa.frisrcryae.tests.LandingPageTest@2667f029]" name="tearDown" is-config="true" duration-ms="786" started-at="2020-05-15T19:20:40Z" finished-at="2020-05-15T19:20:41Z">
          <reporter-output>
          </reporter-output>
        </test-method> <!-- tearDown -->
        <test-method status="PASS" signature="setup()[pri:0, instance:com.qa.frisrcryae.tests.LandingPageTest@2667f029]" name="setup" is-config="true" duration-ms="11303" started-at="2020-05-15T19:20:41Z" finished-at="2020-05-15T19:20:52Z">
          <reporter-output>
          </reporter-output>
        </test-method> <!-- setup -->
        <test-method status="PASS" signature="verifySearchBoxIsAvailable_test()[pri:0, instance:com.qa.frisrcryae.tests.LandingPageTest@2667f029]" name="verifySearchBoxIsAvailable_test" duration-ms="71" started-at="2020-05-15T19:20:52Z" finished-at="2020-05-15T19:20:52Z">
          <reporter-output>
          </reporter-output>
        </test-method> <!-- verifySearchBoxIsAvailable_test -->
        <test-method status="PASS" signature="tearDown()[pri:0, instance:com.qa.frisrcryae.tests.LandingPageTest@2667f029]" name="tearDown" is-config="true" duration-ms="758" started-at="2020-05-15T19:20:52Z" finished-at="2020-05-15T19:20:53Z">
          <reporter-output>
          </reporter-output>
        </test-method> <!-- tearDown -->
        <test-method status="PASS" signature="setup()[pri:0, instance:com.qa.frisrcryae.tests.LandingPageTest@2667f029]" name="setup" is-config="true" duration-ms="9467" started-at="2020-05-15T19:20:53Z" finished-at="2020-05-15T19:21:02Z">
          <reporter-output>
          </reporter-output>
        </test-method> <!-- setup -->
        <test-method status="FAIL" signature="verifySearchBoxWorking_test()[pri:0, instance:com.qa.frisrcryae.tests.LandingPageTest@2667f029]" name="verifySearchBoxWorking_test" duration-ms="146" started-at="2020-05-15T19:21:02Z" finished-at="2020-05-15T19:21:03Z">
          <exception class="java.lang.NullPointerException">
            <full-stacktrace>
              <![CDATA[java.lang.NullPointerException
at org.openqa.selenium.support.ui.ExpectedConditions.elementIfVisible(ExpectedConditions.java:314)
at org.openqa.selenium.support.ui.ExpectedConditions.access$000(ExpectedConditions.java:43)
at org.openqa.selenium.support.ui.ExpectedConditions$10.apply(ExpectedConditions.java:300)
at org.openqa.selenium.support.ui.ExpectedConditions$10.apply(ExpectedConditions.java:297)
at org.openqa.selenium.support.ui.FluentWait.until(FluentWait.java:249)
at com.qa.frisrcryae.utills.ElementActions.waitForElementVisible(ElementActions.java:96)
at com.qa.frisrcryae.pages.LandingPage.verifySearchBoxWorking(LandingPage.java:68)
at com.qa.frisrcryae.tests.LandingPageTest.verifySearchBoxWorking_test(LandingPageTest.java:43)
at sun.reflect.NativeMethodAccessorImpl.invoke0(Native Method)
at sun.reflect.NativeMethodAccessorImpl.invoke(NativeMethodAccessorImpl.java:62)
at sun.reflect.DelegatingMethodAccessorImpl.invoke(DelegatingMethodAccessorImpl.java:43)
at java.lang.reflect.Method.invoke(Method.java:498)
at org.testng.internal.MethodInvocationHelper.invokeMethod(MethodInvocationHelper.java:124)
at org.testng.internal.Invoker.invokeMethod(Invoker.java:583)
at org.testng.internal.Invoker.invokeTestMethod(Invoker.java:719)
at org.testng.internal.Invoker.invokeTestMethods(Invoker.java:989)
at org.testng.internal.TestMethodWorker.invokeTestMethods(TestMethodWorker.java:125)
at org.testng.internal.TestMethodWorker.run(TestMethodWorker.java:109)
at org.testng.TestRunner.privateRun(TestRunner.java:648)
at org.testng.TestRunner.run(TestRunner.java:505)
at org.testng.SuiteRunner.runTest(SuiteRunner.java:455)
at org.testng.SuiteRunner.runSequentially(SuiteRunner.java:450)
at org.testng.SuiteRunner.privateRun(SuiteRunner.java:415)
at org.testng.SuiteRunner.run(SuiteRunner.java:364)
at org.testng.SuiteRunnerWorker.runSuite(SuiteRunnerWorker.java:52)
at org.testng.SuiteRunnerWorker.run(SuiteRunnerWorker.java:84)
at org.testng.TestNG.runSuitesSequentially(TestNG.java:1208)
at org.testng.TestNG.runSuitesLocally(TestNG.java:1137)
at org.testng.TestNG.runSuites(TestNG.java:1049)
at org.testng.TestNG.run(TestNG.java:1017)
at org.testng.remote.AbstractRemoteTestNG.run(AbstractRemoteTestNG.java:115)
at org.testng.remote.RemoteTestNG.initAndRun(RemoteTestNG.java:251)
at org.testng.remote.RemoteTestNG.main(RemoteTestNG.java:77)
]]>
            </full-stacktrace>
          </exception> <!-- java.lang.NullPointerException -->
          <reporter-output>
          </reporter-output>
        </test-method> <!-- verifySearchBoxWorking_test -->
        <test-method status="PASS" signature="tearDown()[pri:0, instance:com.qa.frisrcryae.tests.LandingPageTest@2667f029]" name="tearDown" is-config="true" duration-ms="654" started-at="2020-05-15T19:21:03Z" finished-at="2020-05-15T19:21:04Z">
          <reporter-output>
          </reporter-output>
        </test-method> <!-- tearDown -->
        <test-method status="PASS" signature="setup()[pri:0, instance:com.qa.frisrcryae.tests.LandingPageTest@2667f029]" name="setup" is-config="true" duration-ms="9794" started-at="2020-05-15T19:21:04Z" finished-at="2020-05-15T19:21:14Z">
          <reporter-output>
          </reporter-output>
        </test-method> <!-- setup -->
        <test-method status="PASS" signature="verifyShortListLinkOnHeader_test()[pri:0, instance:com.qa.frisrcryae.tests.LandingPageTest@2667f029]" name="verifyShortListLinkOnHeader_test" duration-ms="3124" started-at="2020-05-15T19:21:14Z" finished-at="2020-05-15T19:21:17Z">
          <reporter-output>
          </reporter-output>
        </test-method> <!-- verifyShortListLinkOnHeader_test -->
        <test-method status="PASS" signature="tearDown()[pri:0, instance:com.qa.frisrcryae.tests.LandingPageTest@2667f029]" name="tearDown" is-config="true" duration-ms="751" started-at="2020-05-15T19:21:17Z" finished-at="2020-05-15T19:21:17Z">
          <reporter-output>
          </reporter-output>
        </test-method> <!-- tearDown -->
        <test-method status="PASS" signature="setup()[pri:0, instance:com.qa.frisrcryae.tests.LandingPageTest@2667f029]" name="setup" is-config="true" duration-ms="8672" started-at="2020-05-15T19:21:17Z" finished-at="2020-05-15T19:21:26Z">
          <reporter-output>
          </reporter-output>
        </test-method> <!-- setup -->
        <test-method status="PASS" signature="verifySignUpLink_test()[pri:0, instance:com.qa.frisrcryae.tests.LandingPageTest@2667f029]" name="verifySignUpLink_test" duration-ms="35" started-at="2020-05-15T19:21:26Z" finished-at="2020-05-15T19:21:26Z">
          <reporter-output>
          </reporter-output>
        </test-method> <!-- verifySignUpLink_test -->
        <test-method status="PASS" signature="tearDown()[pri:0, instance:com.qa.frisrcryae.tests.LandingPageTest@2667f029]" name="tearDown" is-config="true" duration-ms="640" started-at="2020-05-15T19:21:26Z" finished-at="2020-05-15T19:21:27Z">
          <reporter-output>
          </reporter-output>
        </test-method> <!-- tearDown -->
        <test-method status="PASS" signature="setup()[pri:0, instance:com.qa.frisrcryae.tests.LandingPageTest@2667f029]" name="setup" is-config="true" duration-ms="9155" started-at="2020-05-15T19:21:27Z" finished-at="2020-05-15T19:21:36Z">
          <reporter-output>
          </reporter-output>
        </test-method> <!-- setup -->
        <test-method status="PASS" signature="verifyTrackOrderLinkOnHeader_test()[pri:0, instance:com.qa.frisrcryae.tests.LandingPageTest@2667f029]" name="verifyTrackOrderLinkOnHeader_test" duration-ms="3050" started-at="2020-05-15T19:21:36Z" finished-at="2020-05-15T19:21:39Z">
          <reporter-output>
          </reporter-output>
        </test-method> <!-- verifyTrackOrderLinkOnHeader_test -->
        <test-method status="PASS" signature="tearDown()[pri:0, instance:com.qa.frisrcryae.tests.LandingPageTest@2667f029]" name="tearDown" is-config="true" duration-ms="1187" started-at="2020-05-15T19:21:39Z" finished-at="2020-05-15T19:21:40Z">
          <reporter-output>
          </reporter-output>
        </test-method> <!-- tearDown -->
      </class> <!-- com.qa.frisrcryae.tests.LandingPageTest -->
    </test> <!-- Test -->
  </suite> <!-- Suite -->
</testng-results>
